<?xml version="1.0" encoding="UTF-8"?>
<!-- Generated by org.testng.reporters.JUnitReportReporter -->
<testsuite hostname="Mahesh" failures="0" tests="1" name="com.qa.test.BaseTest" time="3.481" errors="0" timestamp="17 Oct 2024 05:27:21 GMT" skipped="0">
  <testcase classname="com.qa.test.BaseTest" name="sampleTest" time="3.481"/>
</testsuite> <!-- com.qa.test.BaseTest -->
