<?xml version="1.0" encoding="UTF-8"?>
<!-- Generated by org.testng.reporters.JUnitReportReporter -->
<testsuite hostname="Mahesh" failures="0" tests="1" name="com.qa.test.BaseTest" time="4.773" errors="0" timestamp="2024-10-17T10:58:55 IST" skipped="0">
  <testcase classname="com.qa.test.BaseTest" name="sampleTest" time="4.773"/>
</testsuite> <!-- com.qa.test.BaseTest -->
